<?xml version="1.0" encoding="UTF-8"?>
<testng-results ignored="0" total="5" passed="4" failed="1" skipped="0">
  <reporter-output>
  </reporter-output>
  <suite started-at="2021-08-16T14:09:45 IST" name="Command line suite" finished-at="2021-08-16T14:10:48 IST" duration-ms="62076">
    <groups>
    </groups>
    <test started-at="2021-08-16T14:09:45 IST" name="Command line test" finished-at="2021-08-16T14:10:48 IST" duration-ms="62076">
      <class name="com.zemoso.tests.YourOrdersTest">
        <test-method signature="tc005_showLastYearOrders()[pri:0, instance:com.zemoso.tests.YourOrdersTest@37374a5e]" started-at="2021-08-16T14:09:46 IST" name="tc005_showLastYearOrders" finished-at="2021-08-16T14:09:55 IST" duration-ms="9098" status="PASS">
          <reporter-output>
          </reporter-output>
        </test-method> <!-- tc005_showLastYearOrders -->
      </class> <!-- com.zemoso.tests.YourOrdersTest -->
      <class name="com.zemoso.tests.SeleniumAmazonTest">
        <test-method is-config="true" signature="beforeSuite()[pri:0, instance:com.zemoso.tests.SeleniumAmazonTest@8646db9]" started-at="2021-08-16T14:09:30 IST" name="beforeSuite" finished-at="2021-08-16T14:09:45 IST" duration-ms="15158" status="PASS">
          <reporter-output>
          </reporter-output>
        </test-method> <!-- beforeSuite -->
        <test-method signature="tc001_testAddingItemToCart()[pri:0, instance:com.zemoso.tests.SeleniumAmazonTest@8646db9]" started-at="2021-08-16T14:10:01 IST" name="tc001_testAddingItemToCart" finished-at="2021-08-16T14:10:19 IST" duration-ms="17979" status="PASS">
          <reporter-output>
          </reporter-output>
        </test-method> <!-- tc001_testAddingItemToCart -->
        <test-method signature="tc002_searchForMobilesAndAddLastToCart()[pri:0, instance:com.zemoso.tests.SeleniumAmazonTest@8646db9]" started-at="2021-08-16T14:10:19 IST" name="tc002_searchForMobilesAndAddLastToCart" finished-at="2021-08-16T14:10:27 IST" duration-ms="7742" status="PASS">
          <reporter-output>
          </reporter-output>
        </test-method> <!-- tc002_searchForMobilesAndAddLastToCart -->
        <test-method is-config="true" signature="suiteTeardown()[pri:0, instance:com.zemoso.tests.SeleniumAmazonTest@8646db9]" started-at="2021-08-16T14:10:48 IST" name="suiteTeardown" finished-at="2021-08-16T14:10:51 IST" duration-ms="3203" status="PASS">
          <reporter-output>
          </reporter-output>
        </test-method> <!-- suiteTeardown -->
      </class> <!-- com.zemoso.tests.SeleniumAmazonTest -->
      <class name="com.zemoso.tests.AddNewPaymentTest">
        <test-method signature="tc0006_addAPaymentMethod()[pri:0, instance:com.zemoso.tests.AddNewPaymentTest@2db7a79b]" started-at="2021-08-16T14:10:27 IST" name="tc0006_addAPaymentMethod" finished-at="2021-08-16T14:10:48 IST" duration-ms="20807" status="FAIL">
          <exception class="org.openqa.selenium.NoSuchElementException">
            <message>
              <![CDATA[no such element: Unable to locate element: {"method":"css selector","selector":"input.a-button-text[value='Continue']:first-of-type"}
  (Session info: chrome=92.0.4515.131)
For documentation on this error, please visit: https://www.seleniumhq.org/exceptions/no_such_element.html
Build info: version: '3.141.59', revision: 'e82be7d358', time: '2018-11-14T08:17:03'
System info: host: '4XF6B53', ip: '127.0.1.1', os.name: 'Linux', os.arch: 'amd64', os.version: '5.11.0-25-generic', java.version: '11.0.11'
Driver info: org.openqa.selenium.chrome.ChromeDriver
Capabilities {acceptInsecureCerts: false, browserName: chrome, browserVersion: 92.0.4515.131, chrome: {chromedriverVersion: 92.0.4515.107 (87a818b10553..., userDataDir: /tmp/.com.google.Chrome.JFFowu}, goog:chromeOptions: {debuggerAddress: localhost:43737}, javascriptEnabled: true, networkConnectionEnabled: false, pageLoadStrategy: normal, platform: LINUX, platformName: LINUX, proxy: Proxy(), setWindowRect: true, strictFileInteractability: false, timeouts: {implicit: 0, pageLoad: 300000, script: 30000}, unhandledPromptBehavior: dismiss and notify, webauthn:extension:credBlob: true, webauthn:extension:largeBlob: true, webauthn:virtualAuthenticators: true}
Session ID: 9bfcde3957251a2cd9eb37c749f0c179
*** Element info: {Using=css selector, value=input.a-button-text[value='Continue']:first-of-type}]]>
            </message>
            <full-stacktrace>
              <![CDATA[org.openqa.selenium.NoSuchElementException: no such element: Unable to locate element: {"method":"css selector","selector":"input.a-button-text[value='Continue']:first-of-type"}
  (Session info: chrome=92.0.4515.131)
For documentation on this error, please visit: https://www.seleniumhq.org/exceptions/no_such_element.html
Build info: version: '3.141.59', revision: 'e82be7d358', time: '2018-11-14T08:17:03'
System info: host: '4XF6B53', ip: '127.0.1.1', os.name: 'Linux', os.arch: 'amd64', os.version: '5.11.0-25-generic', java.version: '11.0.11'
Driver info: org.openqa.selenium.chrome.ChromeDriver
Capabilities {acceptInsecureCerts: false, browserName: chrome, browserVersion: 92.0.4515.131, chrome: {chromedriverVersion: 92.0.4515.107 (87a818b10553..., userDataDir: /tmp/.com.google.Chrome.JFFowu}, goog:chromeOptions: {debuggerAddress: localhost:43737}, javascriptEnabled: true, networkConnectionEnabled: false, pageLoadStrategy: normal, platform: LINUX, platformName: LINUX, proxy: Proxy(), setWindowRect: true, strictFileInteractability: false, timeouts: {implicit: 0, pageLoad: 300000, script: 30000}, unhandledPromptBehavior: dismiss and notify, webauthn:extension:credBlob: true, webauthn:extension:largeBlob: true, webauthn:virtualAuthenticators: true}
Session ID: 9bfcde3957251a2cd9eb37c749f0c179
*** Element info: {Using=css selector, value=input.a-button-text[value='Continue']:first-of-type}
at java.base/jdk.internal.reflect.NativeConstructorAccessorImpl.newInstance0(Native Method)
at java.base/jdk.internal.reflect.NativeConstructorAccessorImpl.newInstance(NativeConstructorAccessorImpl.java:62)
at java.base/jdk.internal.reflect.DelegatingConstructorAccessorImpl.newInstance(DelegatingConstructorAccessorImpl.java:45)
at java.base/java.lang.reflect.Constructor.newInstance(Constructor.java:490)
at org.openqa.selenium.remote.http.W3CHttpResponseCodec.createException(W3CHttpResponseCodec.java:187)
at org.openqa.selenium.remote.http.W3CHttpResponseCodec.decode(W3CHttpResponseCodec.java:122)
at org.openqa.selenium.remote.http.W3CHttpResponseCodec.decode(W3CHttpResponseCodec.java:49)
at org.openqa.selenium.remote.HttpCommandExecutor.execute(HttpCommandExecutor.java:158)
at org.openqa.selenium.remote.service.DriverCommandExecutor.execute(DriverCommandExecutor.java:83)
at org.openqa.selenium.remote.RemoteWebDriver.execute(RemoteWebDriver.java:552)
at org.openqa.selenium.remote.RemoteWebDriver.findElement(RemoteWebDriver.java:323)
at org.openqa.selenium.remote.RemoteWebDriver.findElementByCssSelector(RemoteWebDriver.java:420)
at org.openqa.selenium.By$ByCssSelector.findElement(By.java:431)
at org.openqa.selenium.remote.RemoteWebDriver.findElement(RemoteWebDriver.java:315)
at com.zemoso.pageObjects.ChooseDeliveryOptionsPO.clickContinue(ChooseDeliveryOptionsPO.java:14)
at com.zemoso.tests.AddNewPaymentTest.tc0006_addAPaymentMethod(AddNewPaymentTest.java:26)
at java.base/jdk.internal.reflect.NativeMethodAccessorImpl.invoke0(Native Method)
at java.base/jdk.internal.reflect.NativeMethodAccessorImpl.invoke(NativeMethodAccessorImpl.java:62)
at java.base/jdk.internal.reflect.DelegatingMethodAccessorImpl.invoke(DelegatingMethodAccessorImpl.java:43)
at java.base/java.lang.reflect.Method.invoke(Method.java:566)
at org.testng.internal.MethodInvocationHelper.invokeMethod(MethodInvocationHelper.java:132)
at org.testng.internal.TestInvoker.invokeMethod(TestInvoker.java:599)
at org.testng.internal.TestInvoker.invokeTestMethod(TestInvoker.java:174)
at org.testng.internal.MethodRunner.runInSequence(MethodRunner.java:46)
at org.testng.internal.TestInvoker$MethodInvocationAgent.invoke(TestInvoker.java:822)
at org.testng.internal.TestInvoker.invokeTestMethods(TestInvoker.java:147)
at org.testng.internal.TestMethodWorker.invokeTestMethods(TestMethodWorker.java:146)
at org.testng.internal.TestMethodWorker.run(TestMethodWorker.java:128)
at java.base/java.util.ArrayList.forEach(ArrayList.java:1541)
at org.testng.TestRunner.privateRun(TestRunner.java:764)
at org.testng.TestRunner.run(TestRunner.java:585)
at org.testng.SuiteRunner.runTest(SuiteRunner.java:384)
at org.testng.SuiteRunner.runSequentially(SuiteRunner.java:378)
at org.testng.SuiteRunner.privateRun(SuiteRunner.java:337)
at org.testng.SuiteRunner.run(SuiteRunner.java:286)
at org.testng.SuiteRunnerWorker.runSuite(SuiteRunnerWorker.java:53)
at org.testng.SuiteRunnerWorker.run(SuiteRunnerWorker.java:96)
at org.testng.TestNG.runSuitesSequentially(TestNG.java:1218)
at org.testng.TestNG.runSuitesLocally(TestNG.java:1140)
at org.testng.TestNG.runSuites(TestNG.java:1069)
at org.testng.TestNG.run(TestNG.java:1037)
at org.apache.maven.surefire.testng.TestNGExecutor.run(TestNGExecutor.java:77)
at org.apache.maven.surefire.testng.TestNGDirectoryTestSuite.executeMulti(TestNGDirectoryTestSuite.java:159)
at org.apache.maven.surefire.testng.TestNGDirectoryTestSuite.execute(TestNGDirectoryTestSuite.java:99)
at org.apache.maven.surefire.testng.TestNGProvider.invoke(TestNGProvider.java:106)
at java.base/jdk.internal.reflect.NativeMethodAccessorImpl.invoke0(Native Method)
at java.base/jdk.internal.reflect.NativeMethodAccessorImpl.invoke(NativeMethodAccessorImpl.java:62)
at java.base/jdk.internal.reflect.DelegatingMethodAccessorImpl.invoke(DelegatingMethodAccessorImpl.java:43)
at java.base/java.lang.reflect.Method.invoke(Method.java:566)
at org.apache.maven.surefire.util.ReflectionUtils.invokeMethodWithArray(ReflectionUtils.java:189)
at org.apache.maven.surefire.booter.ProviderFactory$ProviderProxy.invoke(ProviderFactory.java:165)
at org.apache.maven.surefire.booter.ProviderFactory.invokeProvider(ProviderFactory.java:85)
at org.apache.maven.surefire.booter.ForkedBooter.runSuitesInProcess(ForkedBooter.java:115)
at org.apache.maven.surefire.booter.ForkedBooter.main(ForkedBooter.java:75)
]]>
            </full-stacktrace>
          </exception> <!-- org.openqa.selenium.NoSuchElementException -->
          <reporter-output>
          </reporter-output>
        </test-method> <!-- tc0006_addAPaymentMethod -->
      </class> <!-- com.zemoso.tests.AddNewPaymentTest -->
      <class name="com.zemoso.tests.AddressAdditionTest">
        <test-method signature="tc005_addAndVerifyAddress()[pri:0, instance:com.zemoso.tests.AddressAdditionTest@4671e53b]" started-at="2021-08-16T14:09:55 IST" name="tc005_addAndVerifyAddress" finished-at="2021-08-16T14:10:01 IST" duration-ms="6420" status="PASS">
          <reporter-output>
          </reporter-output>
        </test-method> <!-- tc005_addAndVerifyAddress -->
      </class> <!-- com.zemoso.tests.AddressAdditionTest -->
    </test> <!-- Command line test -->
  </suite> <!-- Command line suite -->
</testng-results>
